<?xml version="1.0" encoding="UTF-8"?>
<!-- Generated by org.testng.reporters.JUnitReportReporter -->
<testsuite hostname="DESKTOP-1BGSJ52" failures="0" tests="1" name="liumaven.ShuMaven.SeleniumTest" time="0.007" errors="0" timestamp="2020-06-09T20:57:35 EDT" skipped="0">
  <testcase classname="liumaven.ShuMaven.SeleniumTest" name="browserAutomation" time="0.007"/>
  <system-out/>
</testsuite> <!-- liumaven.ShuMaven.SeleniumTest -->
