<?xml version="1.0" encoding="UTF-8"?>
<!-- Generated by org.testng.reporters.JUnitReportReporter -->
<testsuite ignored="0" hostname="Shu-PC" failures="0" tests="1" name="liumaven.ShuMaven.SeleniumTest" time="0.007" errors="0" timestamp="13 Jun 2020 00:46:51 GMT" skipped="0">
  <testcase classname="liumaven.ShuMaven.SeleniumTest" name="browserAutomation" time="0.007"/>
</testsuite> <!-- liumaven.ShuMaven.SeleniumTest -->
